<?xml version="1.0" encoding="UTF-8" ?>
<testsuite errors="0" failures="0" hostname="solitude.local" name="com.github.cjhutchi.CommandTest" skipped="0" tests="2" time="0.387" timestamp="2016-02-11T22:06:08">
  <properties>
[...]
</properties>
  <testcase classname="com.github.cjhutchi.CommandTest" name="basicTest" time="0.002" />
  <testcase classname="com.github.cjhutchi.CommandTest" name="assertTrueTest" time="0.0" />
  <system-out><![CDATA[]]></system-out>
  <system-err><![CDATA[]]></system-err>
</testsuite>
